<?xml version="1.0" encoding="UTF-8"?>
<!-- Generated by org.testng.reporters.JUnitReportReporter -->
<testsuite skipped="0" hostname="DESKTOP-79QFOE9" name="com.mobiotics.Test.LoginTest" tests="1" failures="0" timestamp="12 Aug 2019 14:00:35 GMT" time="29.062" errors="0">
  <testcase name="lookuppage_login" time="29.062" classname="com.mobiotics.Test.LoginTest"/>
</testsuite> <!-- com.mobiotics.Test.LoginTest -->
